00:00:00.020151 VirtualBox DHCP Server 7.0.18 r162988 win.amd64 (May  2 2024 10:02:16) release log
00:00:00.020155 Log opened 2024-10-07T18:14:48.713629900Z
00:00:00.020155 Build Type: release
00:00:00.020160 OS Product: Windows 10
00:00:00.020161 OS Release: 10.0.19045
00:00:00.020161 OS Service Pack: 
00:00:00.326842 DMI Product Name: OptiPlex 7080
00:00:00.336745 DMI Product Version: 
00:00:00.336763 Firmware type: UEFI
00:00:00.337107 Secure Boot: VERR_PRIVILEGE_NOT_HELD
00:00:00.337135 Host RAM: 7906MB (7.7GB) total, 2412MB (2.3GB) available
00:00:00.337139 Executable: C:\Program Files\Oracle\VirtualBox\VBoxNetDHCP.exe
00:00:00.337140 Process ID: 1620
00:00:00.337140 Package type: WINDOWS_64BITS_GENERIC
00:00:00.337261 --config:  HostInterfaceNetworking-VirtualBox Host-Only Ethernet Adapter
00:00:00.337268 --comment: HostInterfaceNetworking-VirtualBox Host-Only Ethernet Adapter
00:00:00.569333 IP address:   192.168.56.100/24
00:00:00.569350 Address pool: 192.168.56.101 - 192.168.56.254
00:00:00.569380 MAC address is not specified: will use generated MAC 08:00:27:45:35:7b
00:00:00.569391 Db::i_enterFixedAddressAssignment: 08:00:27:45:35:7b: 192.168.56.100
00:00:00.569396 loading leases from C:\Users\Vespertino\.VirtualBox\HostInterfaceNetworking-VirtualBox Host-Only Ethernet Adapter-Dhcpd.leases
00:00:00.576247 > LOAD: EXPIRED lease 192.168.56.102 to [01:08:00:27:b1:49:07] (08:00:27:b1:49:07), acked, valid from 2024-10-07T18:10:52Z for 600s until 2024-10-07T18:20:52Z
00:00:00.576276 > LOAD:         lease 192.168.56.101 to [01:08:00:27:00:ce:38] (08:00:27:00:ce:38), expired, valid from 2024-10-07T17:32:42Z for 600s until 2024-10-07T17:42:42Z
00:00:00.706057 SUP: Opened VMMR0.r0 (C:\Program Files\Oracle\VirtualBox\VMMR0.r0) at 0xXXXXXXXXXXXXXXXX loaded by the native ring-0 loader.
00:00:00.706071 SUP: windbg> .reload /f C:\Program Files\Oracle\VirtualBox\VMMR0.r0=0xXXXXXXXXXXXXXXXX
00:00:09.267761 REQUEST xid 0x29b80372 chaddr 08:00:27:b1:49:07
00:00:09.267797  ciaddr 0.0.0.0
00:00:09.267803  client id: 01 08 00 27 b1 49 07
00:00:09.267806  requested address 192.168.56.102
00:00:09.267812  params { 1 3 26 252 42 15 6 12 }
00:00:09.267834   12: 'Debian-MFF'
00:00:09.267837   57: 02 40
00:00:09.267841 > allocateAddress 192.168.56.102 to client [01:08:00:27:b1:49:07] (08:00:27:b1:49:07)
00:00:09.267849 > ... found existing binding 192.168.56.102 to [01:08:00:27:b1:49:07] (08:00:27:b1:49:07), acked, valid from 2024-10-07T18:10:52Z for 600s until 2024-10-07T18:20:52Z
00:00:09.267870 Lease time 600 secs (default)
00:00:09.267876 writing leases to C:\Users\Vespertino\.VirtualBox\HostInterfaceNetworking-VirtualBox Host-Only Ethernet Adapter-Dhcpd.leases
00:00:09.272787 >>> requested option 1 (SubnetMask)
00:00:09.272812 ... always supplied
00:00:09.272831 >>> requested option 3 (Routers)
00:00:09.272833 ... not found
00:00:09.272836 >>> requested option 26 (InterfaceMTU)
00:00:09.272838 ... not found
00:00:09.272840 >>> requested option 252 (unknown)
00:00:09.272843 ... not found
00:00:09.272845 >>> requested option 42 (NTPServers)
00:00:09.272848 ... not found
00:00:09.272850 >>> requested option 15 (DomainName)
00:00:09.272866 ... not found
00:00:09.272868 >>> requested option 6 (DNSes)
00:00:09.272870 ... not found
00:00:09.272873 >>> requested option 12 (HostName)
00:00:09.272875 ... not found
00:00:09.272880 encoding option 1 (SubnetMask)
00:00:09.272883 encoding option 51 (LeaseTime)
00:00:09.272886 ACK xid 0x29b80372 chaddr 08:00:27:b1:49:07
00:00:09.272894  ciaddr 0.0.0.0 yiaddr 192.168.56.102
00:00:09.272902 encoded message: 548 bytes
00:00:09.272903 000001d456a1b0d0/0000: 02 01 06 00 72 03 b8 29-00 00 00 00 00 00 00 00 ....r..)........
00:00:09.272905 000001d456a1b0e0/0010: c0 a8 38 66 00 00 00 00-00 00 00 00 08 00 27 b1 ..8f..........'.
00:00:09.272906 000001d456a1b0f0/0020: 49 07 00 00 00 00 00 00-00 00 00 00 00 00 00 00 I...............
00:00:09.272907 000001d456a1b100/0030: 00 00 00 00 00 00 00 00-00 00 00 00 00 00 00 00 ................
00:00:09.272909 000001d456a1b110/0040: 00 00 00 00 00 00 00 00-00 00 00 00 00 00 00 00 ................
00:00:09.272910 000001d456a1b120/0050: 00 00 00 00 00 00 00 00-00 00 00 00 00 00 00 00 ................
00:00:09.272911 000001d456a1b130/0060: 00 00 00 00 00 00 00 00-00 00 00 00 00 00 00 00 ................
00:00:09.272912 000001d456a1b140/0070: 00 00 00 00 00 00 00 00-00 00 00 00 00 00 00 00 ................
00:00:09.272913 000001d456a1b150/0080: 00 00 00 00 00 00 00 00-00 00 00 00 00 00 00 00 ................
00:00:09.272915 000001d456a1b160/0090: 00 00 00 00 00 00 00 00-00 00 00 00 00 00 00 00 ................
00:00:09.272916 000001d456a1b170/00a0: 00 00 00 00 00 00 00 00-00 00 00 00 00 00 00 00 ................
00:00:09.272917 000001d456a1b180/00b0: 00 00 00 00 00 00 00 00-00 00 00 00 00 00 00 00 ................
00:00:09.272918 000001d456a1b190/00c0: 00 00 00 00 00 00 00 00-00 00 00 00 00 00 00 00 ................
00:00:09.272919 000001d456a1b1a0/00d0: 00 00 00 00 00 00 00 00-00 00 00 00 00 00 00 00 ................
00:00:09.272920 000001d456a1b1b0/00e0: 00 00 00 00 00 00 00 00-00 00 00 00 63 82 53 63 ............c.Sc
00:00:09.272922 000001d456a1b1c0/00f0: 36 04 c0 a8 38 64 35 01-05 01 04 ff ff ff 00 33 6...8d5........3
00:00:09.272923 000001d456a1b1d0/0100: 04 00 00 02 58 ff 00 00-00 00 00 00 00 00 00 00 ....X...........
00:00:09.272924 000001d456a1b1e0/0110: 00 00 00 00 00 00 00 00-00 00 00 00 00 00 00 00 ................
00:00:09.272925 000001d456a1b1f0/0120: 00 00 00 00 00 00 00 00-00 00 00 00 00 00 00 00 ................
00:00:09.272927 000001d456a1b200/0130: 00 00 00 00 00 00 00 00-00 00 00 00 00 00 00 00 ................
00:00:09.272928 000001d456a1b210/0140: 00 00 00 00 00 00 00 00-00 00 00 00 00 00 00 00 ................
00:00:09.272929 000001d456a1b220/0150: 00 00 00 00 00 00 00 00-00 00 00 00 00 00 00 00 ................
00:00:09.272930 000001d456a1b230/0160: 00 00 00 00 00 00 00 00-00 00 00 00 00 00 00 00 ................
00:00:09.272931 000001d456a1b240/0170: 00 00 00 00 00 00 00 00-00 00 00 00 00 00 00 00 ................
00:00:09.272933 000001d456a1b250/0180: 00 00 00 00 00 00 00 00-00 00 00 00 00 00 00 00 ................
00:00:09.272934 000001d456a1b260/0190: 00 00 00 00 00 00 00 00-00 00 00 00 00 00 00 00 ................
00:00:09.272935 000001d456a1b270/01a0: 00 00 00 00 00 00 00 00-00 00 00 00 00 00 00 00 ................
00:00:09.272936 000001d456a1b280/01b0: 00 00 00 00 00 00 00 00-00 00 00 00 00 00 00 00 ................
00:00:09.272937 000001d456a1b290/01c0: 00 00 00 00 00 00 00 00-00 00 00 00 00 00 00 00 ................
00:00:09.272938 000001d456a1b2a0/01d0: 00 00 00 00 00 00 00 00-00 00 00 00 00 00 00 00 ................
00:00:09.272940 000001d456a1b2b0/01e0: 00 00 00 00 00 00 00 00-00 00 00 00 00 00 00 00 ................
00:00:09.272941 000001d456a1b2c0/01f0: 00 00 00 00 00 00 00 00-00 00 00 00 00 00 00 00 ................
00:00:09.272942 000001d456a1b2d0/0200: 00 00 00 00 00 00 00 00-00 00 00 00 00 00 00 00 ................
00:00:09.272943 000001d456a1b2e0/0210: 00 00 00 00 00 00 00 00-00 00 00 00 00 00 00 00 ................
00:00:09.272944 000001d456a1b2f0/0220: 00 00 00 00                                     ....
00:01:16.459357 REQUEST xid 0x2bc9f5d5 chaddr 08:00:27:b1:49:07
00:01:16.459389  ciaddr 0.0.0.0
00:01:16.459395  client id: 01 08 00 27 b1 49 07
00:01:16.459398  requested address 192.168.56.102
00:01:16.459404  params { 1 3 26 252 42 15 6 12 }
00:01:16.459425   12: 'Debian-MFF'
00:01:16.459428   57: 02 40
00:01:16.459432 > allocateAddress 192.168.56.102 to client [01:08:00:27:b1:49:07] (08:00:27:b1:49:07)
00:01:16.459438 > ... found existing binding 192.168.56.102 to [01:08:00:27:b1:49:07] (08:00:27:b1:49:07), acked, valid from 2024-10-07T18:14:57Z for 600s until 2024-10-07T18:24:57Z
00:01:16.459445 Lease time 600 secs (default)
00:01:16.459449 writing leases to C:\Users\Vespertino\.VirtualBox\HostInterfaceNetworking-VirtualBox Host-Only Ethernet Adapter-Dhcpd.leases
00:01:16.464430 >>> requested option 1 (SubnetMask)
00:01:16.464456 ... always supplied
00:01:16.464485 >>> requested option 3 (Routers)
00:01:16.464491 ... not found
00:01:16.464493 >>> requested option 26 (InterfaceMTU)
00:01:16.464496 ... not found
00:01:16.464498 >>> requested option 252 (unknown)
00:01:16.464501 ... not found
00:01:16.464503 >>> requested option 42 (NTPServers)
00:01:16.464505 ... not found
00:01:16.464508 >>> requested option 15 (DomainName)
00:01:16.464511 ... not found
00:01:16.464513 >>> requested option 6 (DNSes)
00:01:16.464529 ... not found
00:01:16.464531 >>> requested option 12 (HostName)
00:01:16.464534 ... not found
00:01:16.464540 encoding option 1 (SubnetMask)
00:01:16.464543 encoding option 51 (LeaseTime)
00:01:16.464546 ACK xid 0x2bc9f5d5 chaddr 08:00:27:b1:49:07
00:01:16.464555  ciaddr 0.0.0.0 yiaddr 192.168.56.102
00:01:16.464563 encoded message: 548 bytes
00:01:16.464564 000001d456a1cd40/0000: 02 01 06 00 d5 f5 c9 2b-00 00 00 00 00 00 00 00 .......+........
00:01:16.464566 000001d456a1cd50/0010: c0 a8 38 66 00 00 00 00-00 00 00 00 08 00 27 b1 ..8f..........'.
00:01:16.464568 000001d456a1cd60/0020: 49 07 00 00 00 00 00 00-00 00 00 00 00 00 00 00 I...............
00:01:16.464569 000001d456a1cd70/0030: 00 00 00 00 00 00 00 00-00 00 00 00 00 00 00 00 ................
00:01:16.464570 000001d456a1cd80/0040: 00 00 00 00 00 00 00 00-00 00 00 00 00 00 00 00 ................
00:01:16.464572 000001d456a1cd90/0050: 00 00 00 00 00 00 00 00-00 00 00 00 00 00 00 00 ................
00:01:16.464573 000001d456a1cda0/0060: 00 00 00 00 00 00 00 00-00 00 00 00 00 00 00 00 ................
00:01:16.464574 000001d456a1cdb0/0070: 00 00 00 00 00 00 00 00-00 00 00 00 00 00 00 00 ................
00:01:16.464575 000001d456a1cdc0/0080: 00 00 00 00 00 00 00 00-00 00 00 00 00 00 00 00 ................
00:01:16.464576 000001d456a1cdd0/0090: 00 00 00 00 00 00 00 00-00 00 00 00 00 00 00 00 ................
00:01:16.464578 000001d456a1cde0/00a0: 00 00 00 00 00 00 00 00-00 00 00 00 00 00 00 00 ................
00:01:16.464579 000001d456a1cdf0/00b0: 00 00 00 00 00 00 00 00-00 00 00 00 00 00 00 00 ................
00:01:16.464580 000001d456a1ce00/00c0: 00 00 00 00 00 00 00 00-00 00 00 00 00 00 00 00 ................
00:01:16.464581 000001d456a1ce10/00d0: 00 00 00 00 00 00 00 00-00 00 00 00 00 00 00 00 ................
00:01:16.464582 000001d456a1ce20/00e0: 00 00 00 00 00 00 00 00-00 00 00 00 63 82 53 63 ............c.Sc
00:01:16.464584 000001d456a1ce30/00f0: 36 04 c0 a8 38 64 35 01-05 01 04 ff ff ff 00 33 6...8d5........3
00:01:16.464585 000001d456a1ce40/0100: 04 00 00 02 58 ff 00 00-00 00 00 00 00 00 00 00 ....X...........
00:01:16.464586 000001d456a1ce50/0110: 00 00 00 00 00 00 00 00-00 00 00 00 00 00 00 00 ................
00:01:16.464588 000001d456a1ce60/0120: 00 00 00 00 00 00 00 00-00 00 00 00 00 00 00 00 ................
00:01:16.464589 000001d456a1ce70/0130: 00 00 00 00 00 00 00 00-00 00 00 00 00 00 00 00 ................
00:01:16.464590 000001d456a1ce80/0140: 00 00 00 00 00 00 00 00-00 00 00 00 00 00 00 00 ................
00:01:16.464591 000001d456a1ce90/0150: 00 00 00 00 00 00 00 00-00 00 00 00 00 00 00 00 ................
00:01:16.464592 000001d456a1cea0/0160: 00 00 00 00 00 00 00 00-00 00 00 00 00 00 00 00 ................
00:01:16.464594 000001d456a1ceb0/0170: 00 00 00 00 00 00 00 00-00 00 00 00 00 00 00 00 ................
00:01:16.464595 000001d456a1cec0/0180: 00 00 00 00 00 00 00 00-00 00 00 00 00 00 00 00 ................
00:01:16.464596 000001d456a1ced0/0190: 00 00 00 00 00 00 00 00-00 00 00 00 00 00 00 00 ................
00:01:16.464597 000001d456a1cee0/01a0: 00 00 00 00 00 00 00 00-00 00 00 00 00 00 00 00 ................
00:01:16.464598 000001d456a1cef0/01b0: 00 00 00 00 00 00 00 00-00 00 00 00 00 00 00 00 ................
00:01:16.464600 000001d456a1cf00/01c0: 00 00 00 00 00 00 00 00-00 00 00 00 00 00 00 00 ................
00:01:16.464601 000001d456a1cf10/01d0: 00 00 00 00 00 00 00 00-00 00 00 00 00 00 00 00 ................
00:01:16.464602 000001d456a1cf20/01e0: 00 00 00 00 00 00 00 00-00 00 00 00 00 00 00 00 ................
00:01:16.464603 000001d456a1cf30/01f0: 00 00 00 00 00 00 00 00-00 00 00 00 00 00 00 00 ................
00:01:16.464604 000001d456a1cf40/0200: 00 00 00 00 00 00 00 00-00 00 00 00 00 00 00 00 ................
00:01:16.464606 000001d456a1cf50/0210: 00 00 00 00 00 00 00 00-00 00 00 00 00 00 00 00 ................
00:01:16.464607 000001d456a1cf60/0220: 00 00 00 00                                     ....
00:04:41.312276 REQUEST xid 0xcf266655 chaddr 08:00:27:b1:49:07
00:04:41.312851  ciaddr 0.0.0.0
00:04:41.312881  client id: 01 08 00 27 b1 49 07
00:04:41.312896  requested address 192.168.56.102
00:04:41.312921  params { 1 3 26 252 42 15 6 12 }
00:04:41.313018   12: 'Debian-MFF'
00:04:41.313030   57: 02 40
00:04:41.313046 > allocateAddress 192.168.56.102 to client [01:08:00:27:b1:49:07] (08:00:27:b1:49:07)
00:04:41.313073 > ... found existing binding 192.168.56.102 to [01:08:00:27:b1:49:07] (08:00:27:b1:49:07), acked, valid from 2024-10-07T18:16:05Z for 600s until 2024-10-07T18:26:05Z
00:04:41.313104 Lease time 600 secs (default)
00:04:41.313124 writing leases to C:\Users\Vespertino\.VirtualBox\HostInterfaceNetworking-VirtualBox Host-Only Ethernet Adapter-Dhcpd.leases
00:04:41.320564 >>> requested option 1 (SubnetMask)
00:04:41.320591 ... always supplied
00:04:41.320593 >>> requested option 3 (Routers)
00:04:41.320596 ... not found
00:04:41.320598 >>> requested option 26 (InterfaceMTU)
00:04:41.320600 ... not found
00:04:41.320602 >>> requested option 252 (unknown)
00:04:41.320605 ... not found
00:04:41.320607 >>> requested option 42 (NTPServers)
00:04:41.320610 ... not found
00:04:41.320612 >>> requested option 15 (DomainName)
00:04:41.320614 ... not found
00:04:41.320616 >>> requested option 6 (DNSes)
00:04:41.320618 ... not found
00:04:41.320621 >>> requested option 12 (HostName)
00:04:41.320623 ... not found
00:04:41.320629 encoding option 1 (SubnetMask)
00:04:41.320631 encoding option 51 (LeaseTime)
00:04:41.320635 ACK xid 0xcf266655 chaddr 08:00:27:b1:49:07
00:04:41.320644  ciaddr 0.0.0.0 yiaddr 192.168.56.102
00:04:41.320651 encoded message: 548 bytes
00:04:41.320652 000001d456a1d3d0/0000: 02 01 06 00 55 66 26 cf-00 00 00 00 00 00 00 00 ....Uf&.........
00:04:41.320654 000001d456a1d3e0/0010: c0 a8 38 66 00 00 00 00-00 00 00 00 08 00 27 b1 ..8f..........'.
00:04:41.320655 000001d456a1d3f0/0020: 49 07 00 00 00 00 00 00-00 00 00 00 00 00 00 00 I...............
00:04:41.320657 000001d456a1d400/0030: 00 00 00 00 00 00 00 00-00 00 00 00 00 00 00 00 ................
00:04:41.320658 000001d456a1d410/0040: 00 00 00 00 00 00 00 00-00 00 00 00 00 00 00 00 ................
00:04:41.320659 000001d456a1d420/0050: 00 00 00 00 00 00 00 00-00 00 00 00 00 00 00 00 ................
00:04:41.320660 000001d456a1d430/0060: 00 00 00 00 00 00 00 00-00 00 00 00 00 00 00 00 ................
00:04:41.320661 000001d456a1d440/0070: 00 00 00 00 00 00 00 00-00 00 00 00 00 00 00 00 ................
00:04:41.320663 000001d456a1d450/0080: 00 00 00 00 00 00 00 00-00 00 00 00 00 00 00 00 ................
00:04:41.320664 000001d456a1d460/0090: 00 00 00 00 00 00 00 00-00 00 00 00 00 00 00 00 ................
00:04:41.320665 000001d456a1d470/00a0: 00 00 00 00 00 00 00 00-00 00 00 00 00 00 00 00 ................
00:04:41.320666 000001d456a1d480/00b0: 00 00 00 00 00 00 00 00-00 00 00 00 00 00 00 00 ................
00:04:41.320667 000001d456a1d490/00c0: 00 00 00 00 00 00 00 00-00 00 00 00 00 00 00 00 ................
00:04:41.320668 000001d456a1d4a0/00d0: 00 00 00 00 00 00 00 00-00 00 00 00 00 00 00 00 ................
00:04:41.320669 000001d456a1d4b0/00e0: 00 00 00 00 00 00 00 00-00 00 00 00 63 82 53 63 ............c.Sc
00:04:41.320671 000001d456a1d4c0/00f0: 36 04 c0 a8 38 64 35 01-05 01 04 ff ff ff 00 33 6...8d5........3
00:04:41.320672 000001d456a1d4d0/0100: 04 00 00 02 58 ff 00 00-00 00 00 00 00 00 00 00 ....X...........
00:04:41.320673 000001d456a1d4e0/0110: 00 00 00 00 00 00 00 00-00 00 00 00 00 00 00 00 ................
00:04:41.320674 000001d456a1d4f0/0120: 00 00 00 00 00 00 00 00-00 00 00 00 00 00 00 00 ................
00:04:41.320676 000001d456a1d500/0130: 00 00 00 00 00 00 00 00-00 00 00 00 00 00 00 00 ................
00:04:41.320677 000001d456a1d510/0140: 00 00 00 00 00 00 00 00-00 00 00 00 00 00 00 00 ................
00:04:41.320678 000001d456a1d520/0150: 00 00 00 00 00 00 00 00-00 00 00 00 00 00 00 00 ................
00:04:41.320679 000001d456a1d530/0160: 00 00 00 00 00 00 00 00-00 00 00 00 00 00 00 00 ................
00:04:41.320681 000001d456a1d540/0170: 00 00 00 00 00 00 00 00-00 00 00 00 00 00 00 00 ................
00:04:41.320682 000001d456a1d550/0180: 00 00 00 00 00 00 00 00-00 00 00 00 00 00 00 00 ................
00:04:41.320683 000001d456a1d560/0190: 00 00 00 00 00 00 00 00-00 00 00 00 00 00 00 00 ................
00:04:41.320684 000001d456a1d570/01a0: 00 00 00 00 00 00 00 00-00 00 00 00 00 00 00 00 ................
00:04:41.320685 000001d456a1d580/01b0: 00 00 00 00 00 00 00 00-00 00 00 00 00 00 00 00 ................
00:04:41.320686 000001d456a1d590/01c0: 00 00 00 00 00 00 00 00-00 00 00 00 00 00 00 00 ................
00:04:41.320688 000001d456a1d5a0/01d0: 00 00 00 00 00 00 00 00-00 00 00 00 00 00 00 00 ................
00:04:41.320689 000001d456a1d5b0/01e0: 00 00 00 00 00 00 00 00-00 00 00 00 00 00 00 00 ................
00:04:41.320690 000001d456a1d5c0/01f0: 00 00 00 00 00 00 00 00-00 00 00 00 00 00 00 00 ................
00:04:41.320691 000001d456a1d5d0/0200: 00 00 00 00 00 00 00 00-00 00 00 00 00 00 00 00 ................
00:04:41.320692 000001d456a1d5e0/0210: 00 00 00 00 00 00 00 00-00 00 00 00 00 00 00 00 ................
00:04:41.320693 000001d456a1d5f0/0220: 00 00 00 00                                     ....
00:04:54.081688 RELEASE xid 0x3de370b9 chaddr 08:00:27:b1:49:07
00:04:54.081720  ciaddr 192.168.56.102
00:04:54.081725  for server 192.168.56.100  54: c0 a8 38 64
00:04:54.081732 Db::releaseBinding: not found (192.168.56.102, 08:00:27:b1:49:07)
00:05:08.171765 REQUEST xid 0x2cf22855 chaddr 08:00:27:b1:49:07
00:05:08.171833  ciaddr 0.0.0.0
00:05:08.171842  client id: 01 08 00 27 b1 49 07
00:05:08.171847  requested address 192.168.56.102
00:05:08.171852  params { 1 3 26 252 42 15 6 12 }
00:05:08.171889   12: 'Debian-MFF'
00:05:08.171893   57: 02 40
00:05:08.171898 > allocateAddress 192.168.56.102 to client [01:08:00:27:b1:49:07] (08:00:27:b1:49:07)
00:05:08.171907 > ... found existing binding 192.168.56.102 to [01:08:00:27:b1:49:07] (08:00:27:b1:49:07), acked, valid from 2024-10-07T18:19:30Z for 600s until 2024-10-07T18:29:30Z
00:05:08.171916 Lease time 600 secs (default)
00:05:08.171921 writing leases to C:\Users\Vespertino\.VirtualBox\HostInterfaceNetworking-VirtualBox Host-Only Ethernet Adapter-Dhcpd.leases
00:05:08.179278 >>> requested option 1 (SubnetMask)
00:05:08.179340 ... always supplied
00:05:08.179344 >>> requested option 3 (Routers)
00:05:08.179347 ... not found
00:05:08.179350 >>> requested option 26 (InterfaceMTU)
00:05:08.179354 ... not found
00:05:08.179357 >>> requested option 252 (unknown)
00:05:08.179361 ... not found
00:05:08.179364 >>> requested option 42 (NTPServers)
00:05:08.179367 ... not found
00:05:08.179370 >>> requested option 15 (DomainName)
00:05:08.179373 ... not found
00:05:08.179376 >>> requested option 6 (DNSes)
00:05:08.179382 ... not found
00:05:08.179387 >>> requested option 12 (HostName)
00:05:08.179393 ... not found
00:05:08.179429 encoding option 1 (SubnetMask)
00:05:08.179437 encoding option 51 (LeaseTime)
00:05:08.179445 ACK xid 0x2cf22855 chaddr 08:00:27:b1:49:07
00:05:08.179482  ciaddr 0.0.0.0 yiaddr 192.168.56.102
00:05:08.179501 encoded message: 548 bytes
00:05:08.179510 000001d456a1ac70/0000: 02 01 06 00 55 28 f2 2c-00 00 00 00 00 00 00 00 ....U(.,........
00:05:08.179515 000001d456a1ac80/0010: c0 a8 38 66 00 00 00 00-00 00 00 00 08 00 27 b1 ..8f..........'.
00:05:08.179517 000001d456a1ac90/0020: 49 07 00 00 00 00 00 00-00 00 00 00 00 00 00 00 I...............
00:05:08.179518 000001d456a1aca0/0030: 00 00 00 00 00 00 00 00-00 00 00 00 00 00 00 00 ................
00:05:08.179521 000001d456a1acb0/0040: 00 00 00 00 00 00 00 00-00 00 00 00 00 00 00 00 ................
00:05:08.179522 000001d456a1acc0/0050: 00 00 00 00 00 00 00 00-00 00 00 00 00 00 00 00 ................
00:05:08.179525 000001d456a1acd0/0060: 00 00 00 00 00 00 00 00-00 00 00 00 00 00 00 00 ................
00:05:08.179527 000001d456a1ace0/0070: 00 00 00 00 00 00 00 00-00 00 00 00 00 00 00 00 ................
00:05:08.179531 000001d456a1acf0/0080: 00 00 00 00 00 00 00 00-00 00 00 00 00 00 00 00 ................
00:05:08.179534 000001d456a1ad00/0090: 00 00 00 00 00 00 00 00-00 00 00 00 00 00 00 00 ................
00:05:08.179536 000001d456a1ad10/00a0: 00 00 00 00 00 00 00 00-00 00 00 00 00 00 00 00 ................
00:05:08.179539 000001d456a1ad20/00b0: 00 00 00 00 00 00 00 00-00 00 00 00 00 00 00 00 ................
00:05:08.179545 000001d456a1ad30/00c0: 00 00 00 00 00 00 00 00-00 00 00 00 00 00 00 00 ................
00:05:08.179547 000001d456a1ad40/00d0: 00 00 00 00 00 00 00 00-00 00 00 00 00 00 00 00 ................
00:05:08.179550 000001d456a1ad50/00e0: 00 00 00 00 00 00 00 00-00 00 00 00 63 82 53 63 ............c.Sc
00:05:08.179554 000001d456a1ad60/00f0: 36 04 c0 a8 38 64 35 01-05 01 04 ff ff ff 00 33 6...8d5........3
00:05:08.179558 000001d456a1ad70/0100: 04 00 00 02 58 ff 00 00-00 00 00 00 00 00 00 00 ....X...........
00:05:08.179559 000001d456a1ad80/0110: 00 00 00 00 00 00 00 00-00 00 00 00 00 00 00 00 ................
00:05:08.179561 000001d456a1ad90/0120: 00 00 00 00 00 00 00 00-00 00 00 00 00 00 00 00 ................
00:05:08.179562 000001d456a1ada0/0130: 00 00 00 00 00 00 00 00-00 00 00 00 00 00 00 00 ................
00:05:08.179563 000001d456a1adb0/0140: 00 00 00 00 00 00 00 00-00 00 00 00 00 00 00 00 ................
00:05:08.179564 000001d456a1adc0/0150: 00 00 00 00 00 00 00 00-00 00 00 00 00 00 00 00 ................
00:05:08.179566 000001d456a1add0/0160: 00 00 00 00 00 00 00 00-00 00 00 00 00 00 00 00 ................
00:05:08.179567 000001d456a1ade0/0170: 00 00 00 00 00 00 00 00-00 00 00 00 00 00 00 00 ................
00:05:08.179568 000001d456a1adf0/0180: 00 00 00 00 00 00 00 00-00 00 00 00 00 00 00 00 ................
00:05:08.179569 000001d456a1ae00/0190: 00 00 00 00 00 00 00 00-00 00 00 00 00 00 00 00 ................
00:05:08.179571 000001d456a1ae10/01a0: 00 00 00 00 00 00 00 00-00 00 00 00 00 00 00 00 ................
00:05:08.179572 000001d456a1ae20/01b0: 00 00 00 00 00 00 00 00-00 00 00 00 00 00 00 00 ................
00:05:08.179573 000001d456a1ae30/01c0: 00 00 00 00 00 00 00 00-00 00 00 00 00 00 00 00 ................
00:05:08.179574 000001d456a1ae40/01d0: 00 00 00 00 00 00 00 00-00 00 00 00 00 00 00 00 ................
00:05:08.179575 000001d456a1ae50/01e0: 00 00 00 00 00 00 00 00-00 00 00 00 00 00 00 00 ................
00:05:08.179577 000001d456a1ae60/01f0: 00 00 00 00 00 00 00 00-00 00 00 00 00 00 00 00 ................
00:05:08.179578 000001d456a1ae70/0200: 00 00 00 00 00 00 00 00-00 00 00 00 00 00 00 00 ................
00:05:08.179579 000001d456a1ae80/0210: 00 00 00 00 00 00 00 00-00 00 00 00 00 00 00 00 ................
00:05:08.179580 000001d456a1ae90/0220: 00 00 00 00                                     ....
00:07:23.013072 REQUEST xid 0xf18eb616 chaddr 08:00:27:b1:49:07
00:07:23.013259  ciaddr 0.0.0.0
00:07:23.013268  client id: 01 08 00 27 b1 49 07
00:07:23.013277  requested address 192.168.56.102
00:07:23.013287  params { 1 3 26 252 42 15 6 12 }
00:07:23.013314   12: 'Debian-MFF'
00:07:23.013318   57: 02 40
00:07:23.013326 > allocateAddress 192.168.56.102 to client [01:08:00:27:b1:49:07] (08:00:27:b1:49:07)
00:07:23.013345 > ... found existing binding 192.168.56.102 to [01:08:00:27:b1:49:07] (08:00:27:b1:49:07), acked, valid from 2024-10-07T18:19:56Z for 600s until 2024-10-07T18:29:56Z
00:07:23.013362 Lease time 600 secs (default)
00:07:23.013376 writing leases to C:\Users\Vespertino\.VirtualBox\HostInterfaceNetworking-VirtualBox Host-Only Ethernet Adapter-Dhcpd.leases
00:07:23.018148 >>> requested option 1 (SubnetMask)
00:07:23.018161 ... always supplied
00:07:23.018181 >>> requested option 3 (Routers)
00:07:23.018185 ... not found
00:07:23.018187 >>> requested option 26 (InterfaceMTU)
00:07:23.018190 ... not found
00:07:23.018192 >>> requested option 252 (unknown)
00:07:23.018194 ... not found
00:07:23.018197 >>> requested option 42 (NTPServers)
00:07:23.018199 ... not found
00:07:23.018201 >>> requested option 15 (DomainName)
00:07:23.018204 ... not found
00:07:23.018206 >>> requested option 6 (DNSes)
00:07:23.018208 ... not found
00:07:23.018211 >>> requested option 12 (HostName)
00:07:23.018213 ... not found
00:07:23.018218 encoding option 1 (SubnetMask)
00:07:23.018221 encoding option 51 (LeaseTime)
00:07:23.018225 ACK xid 0xf18eb616 chaddr 08:00:27:b1:49:07
00:07:23.018234  ciaddr 0.0.0.0 yiaddr 192.168.56.102
00:07:23.018241 encoded message: 548 bytes
00:07:23.018242 000001d456a1ac70/0000: 02 01 06 00 16 b6 8e f1-00 00 00 00 00 00 00 00 ................
00:07:23.018244 000001d456a1ac80/0010: c0 a8 38 66 00 00 00 00-00 00 00 00 08 00 27 b1 ..8f..........'.
00:07:23.018246 000001d456a1ac90/0020: 49 07 00 00 00 00 00 00-00 00 00 00 00 00 00 00 I...............
00:07:23.018247 000001d456a1aca0/0030: 00 00 00 00 00 00 00 00-00 00 00 00 00 00 00 00 ................
00:07:23.018248 000001d456a1acb0/0040: 00 00 00 00 00 00 00 00-00 00 00 00 00 00 00 00 ................
00:07:23.018249 000001d456a1acc0/0050: 00 00 00 00 00 00 00 00-00 00 00 00 00 00 00 00 ................
00:07:23.018250 000001d456a1acd0/0060: 00 00 00 00 00 00 00 00-00 00 00 00 00 00 00 00 ................
00:07:23.018252 000001d456a1ace0/0070: 00 00 00 00 00 00 00 00-00 00 00 00 00 00 00 00 ................
00:07:23.018253 000001d456a1acf0/0080: 00 00 00 00 00 00 00 00-00 00 00 00 00 00 00 00 ................
00:07:23.018254 000001d456a1ad00/0090: 00 00 00 00 00 00 00 00-00 00 00 00 00 00 00 00 ................
00:07:23.018255 000001d456a1ad10/00a0: 00 00 00 00 00 00 00 00-00 00 00 00 00 00 00 00 ................
00:07:23.018256 000001d456a1ad20/00b0: 00 00 00 00 00 00 00 00-00 00 00 00 00 00 00 00 ................
00:07:23.018258 000001d456a1ad30/00c0: 00 00 00 00 00 00 00 00-00 00 00 00 00 00 00 00 ................
00:07:23.018259 000001d456a1ad40/00d0: 00 00 00 00 00 00 00 00-00 00 00 00 00 00 00 00 ................
00:07:23.018260 000001d456a1ad50/00e0: 00 00 00 00 00 00 00 00-00 00 00 00 63 82 53 63 ............c.Sc
00:07:23.018261 000001d456a1ad60/00f0: 36 04 c0 a8 38 64 35 01-05 01 04 ff ff ff 00 33 6...8d5........3
00:07:23.018263 000001d456a1ad70/0100: 04 00 00 02 58 ff 00 00-00 00 00 00 00 00 00 00 ....X...........
00:07:23.018264 000001d456a1ad80/0110: 00 00 00 00 00 00 00 00-00 00 00 00 00 00 00 00 ................
00:07:23.018265 000001d456a1ad90/0120: 00 00 00 00 00 00 00 00-00 00 00 00 00 00 00 00 ................
00:07:23.018266 000001d456a1ada0/0130: 00 00 00 00 00 00 00 00-00 00 00 00 00 00 00 00 ................
00:07:23.018268 000001d456a1adb0/0140: 00 00 00 00 00 00 00 00-00 00 00 00 00 00 00 00 ................
00:07:23.018269 000001d456a1adc0/0150: 00 00 00 00 00 00 00 00-00 00 00 00 00 00 00 00 ................
00:07:23.018270 000001d456a1add0/0160: 00 00 00 00 00 00 00 00-00 00 00 00 00 00 00 00 ................
00:07:23.018271 000001d456a1ade0/0170: 00 00 00 00 00 00 00 00-00 00 00 00 00 00 00 00 ................
00:07:23.018272 000001d456a1adf0/0180: 00 00 00 00 00 00 00 00-00 00 00 00 00 00 00 00 ................
00:07:23.018274 000001d456a1ae00/0190: 00 00 00 00 00 00 00 00-00 00 00 00 00 00 00 00 ................
00:07:23.018275 000001d456a1ae10/01a0: 00 00 00 00 00 00 00 00-00 00 00 00 00 00 00 00 ................
00:07:23.018276 000001d456a1ae20/01b0: 00 00 00 00 00 00 00 00-00 00 00 00 00 00 00 00 ................
00:07:23.018277 000001d456a1ae30/01c0: 00 00 00 00 00 00 00 00-00 00 00 00 00 00 00 00 ................
00:07:23.018278 000001d456a1ae40/01d0: 00 00 00 00 00 00 00 00-00 00 00 00 00 00 00 00 ................
00:07:23.018280 000001d456a1ae50/01e0: 00 00 00 00 00 00 00 00-00 00 00 00 00 00 00 00 ................
00:07:23.018281 000001d456a1ae60/01f0: 00 00 00 00 00 00 00 00-00 00 00 00 00 00 00 00 ................
00:07:23.018282 000001d456a1ae70/0200: 00 00 00 00 00 00 00 00-00 00 00 00 00 00 00 00 ................
00:07:23.018297 000001d456a1ae80/0210: 00 00 00 00 00 00 00 00-00 00 00 00 00 00 00 00 ................
00:07:23.018298 000001d456a1ae90/0220: 00 00 00 00                                     ....
